#
# There is insufficient memory for the Java Runtime Environment to continue.
# Native memory allocation (mmap) failed to map 134217728 bytes for Failed to commit area from 0x0000000081c00000 to 0x0000000089c00000 of length 134217728.
# Possible reasons:
#   The system is out of physical RAM or swap space
#   The process is running with CompressedOops enabled, and the Java Heap may be blocking the growth of the native heap
# Possible solutions:
#   Reduce memory load on the system
#   Increase physical memory or swap space
#   Check if swap backing store is full
#   Decrease Java heap size (-Xmx/-Xms)
#   Decrease number of Java threads
#   Decrease Java thread stack sizes (-Xss)
#   Set larger code cache with -XX:ReservedCodeCacheSize=
# This output file may be truncated or incomplete.
#
#  Out of Memory Error (t:/workspace/open/src/hotspot/os/windows/os_windows.cpp:3301), pid=14128, tid=15892
#
# JRE version:  (13.0+33) (build )
# Java VM: Java HotSpot(TM) 64-Bit Server VM (13+33, mixed mode, aot, sharing, tiered, compressed oops, g1 gc, windows-amd64)
# No core dump will be written. Minidumps are not enabled by default on client versions of Windows
#

---------------  S U M M A R Y ------------

Command Line: -Dfile.encoding=Cp1256 sdaPROJECTT.Main

Host: Intel(R) Core(TM) i7-8565U CPU @ 1.80GHz, 8 cores, 7G,  Windows 10 , 64 bit Build 19041 (10.0.19041.928)
Time: Mon Jun 14 05:05:31 2021 ÇáÓÚæÏíÉ - ÇáÊæÞíÊ ÇáÑÓãí elapsed time: 0 seconds (0d 0h 0m 0s)

---------------  T H R E A D  ---------------

Current thread (0x000001c3c6e5b000):  JavaThread "Unknown thread" [_thread_in_vm, id=15892, stack(0x0000007ebd900000,0x0000007ebda00000)]

Stack: [0x0000007ebd900000,0x0000007ebda00000]
Native frames: (J=compiled Java code, j=interpreted, Vv=VM code, C=native code)
V  [jvm.dll+0x626eaa]
V  [jvm.dll+0x772c4a]
V  [jvm.dll+0x7743ff]
V  [jvm.dll+0x774a03]
V  [jvm.dll+0x24da38]
V  [jvm.dll+0x62436a]
V  [jvm.dll+0x618f55]
V  [jvm.dll+0x30c5fc]
V  [jvm.dll+0x30c432]
V  [jvm.dll+0x311ba6]
V  [jvm.dll+0x355cc6]
V  [jvm.dll+0x3554a0]
V  [jvm.dll+0x2e727a]
V  [jvm.dll+0x2e8512]
V  [jvm.dll+0x74fcb8]
V  [jvm.dll+0x363719]
V  [jvm.dll+0x732da5]
V  [jvm.dll+0x3ce2cf]
V  [jvm.dll+0x3d05f1]
C  [jli.dll+0x51ff]
C  [ucrtbase.dll+0x21bb2]
C  [KERNEL32.DLL+0x17034]
C  [ntdll.dll+0x52651]


---------------  P R O C E S S  ---------------

Threads class SMR info:
_java_thread_list=0x00007ffaf19b46b8, length=0, elements={
}

Java Threads: ( => current thread )

Other Threads:
  0x000001c3c6e9e000 GCTaskThread "GC Thread#0" [stack: 0x0000007ebda00000,0x0000007ebdb00000] [id=16812]
  0x000001c3c6eb1000 ConcurrentGCThread "G1 Main Marker" [stack: 0x0000007ebdb00000,0x0000007ebdc00000] [id=5036]
  0x000001c3c6eb2800 ConcurrentGCThread "G1 Conc#0" [stack: 0x0000007ebdc00000,0x0000007ebdd00000] [id=16916]

[error occurred during error reporting (printing all threads), id 0xc0000005, EXCEPTION_ACCESS_VIOLATION (0xc0000005) at pc=0x00007ffaf11e6f47]

VM state:not at safepoint (not fully initialized)

VM Mutex/Monitor currently owned by a thread:  ([mutex/lock_event])
[0x000001c3c6e57190] Heap_lock - owner thread: 0x000001c3c6e5b000

Heap address: 0x0000000081c00000, size: 2020 MB, Compressed Oops mode: Non-zero based: 0x0000000081c00000
Narrow klass base: 0x0000000000000000, Narrow klass shift: 0

GC Heap History (0 events):
No events

Deoptimization events (0 events):
No events

Classes unloaded (0 events):
No events

Classes redefined (0 events):
No events

Internal exceptions (0 events):
No events

Events (8 events):
Event: 0.014 Loaded shared library C:\Program Files\Java\jdk-13\bin\zip.dll
Event: 0.015 Loaded shared library C:\Program Files\Java\jdk-13\bin\jimage.dll
Event: 0.017 Loading shared library C:\Program Files\Java\jdk-13\lib\libjava.base-coop.dll failed, error code 126
Event: 0.017 Loading shared library C:\Program Files\Java\jdk-13\lib\libjava.logging-coop.dll failed, error code 126
Event: 0.017 Loading shared library C:\Program Files\Java\jdk-13\lib\libjdk.compiler-coop.dll failed, error code 126
Event: 0.017 Loading shared library C:\Program Files\Java\jdk-13\lib\libjdk.scripting.nashorn-coop.dll failed, error code 126
Event: 0.017 Loading shared library C:\Program Files\Java\jdk-13\lib\libjdk.internal.vm.ci-coop.dll failed, error code 126
Event: 0.017 Loading shared library C:\Program Files\Java\jdk-13\lib\libjdk.internal.vm.compiler-coop.dll failed, error code 126


Dynamic libraries:
0x00007ff6a1e20000 - 0x00007ff6a1e2f000 	C:\Program Files\Java\jdk-13\bin\javaw.exe
0x00007ffb87210000 - 0x00007ffb87405000 	C:\WINDOWS\SYSTEM32\ntdll.dll
0x00007ffb85f40000 - 0x00007ffb85ffd000 	C:\WINDOWS\System32\KERNEL32.DLL
0x00007ffb84a00000 - 0x00007ffb84cc8000 	C:\WINDOWS\System32\KERNELBASE.dll
0x00007ffb84f10000 - 0x00007ffb85010000 	C:\WINDOWS\System32\ucrtbase.dll
0x00007ffb74af0000 - 0x00007ffb74b05000 	C:\Program Files\Java\jdk-13\bin\VCRUNTIME140.dll
0x00007ffb74ad0000 - 0x00007ffb74ae8000 	C:\Program Files\Java\jdk-13\bin\jli.dll
0x00007ffb85e90000 - 0x00007ffb85f3c000 	C:\WINDOWS\System32\ADVAPI32.dll
0x00007ffb85ab0000 - 0x00007ffb85b4e000 	C:\WINDOWS\System32\msvcrt.dll
0x00007ffb868e0000 - 0x00007ffb8697b000 	C:\WINDOWS\System32\sechost.dll
0x00007ffb86030000 - 0x00007ffb8615b000 	C:\WINDOWS\System32\RPCRT4.dll
0x00007ffb85740000 - 0x00007ffb858e0000 	C:\WINDOWS\System32\USER32.dll
0x00007ffb65690000 - 0x00007ffb6592a000 	C:\WINDOWS\WinSxS\amd64_microsoft.windows.common-controls_6595b64144ccf1df_6.0.19041.844_none_ca00b6081b84eb1d\COMCTL32.dll
0x00007ffb850e0000 - 0x00007ffb85102000 	C:\WINDOWS\System32\win32u.dll
0x00007ffb86000000 - 0x00007ffb8602a000 	C:\WINDOWS\System32\GDI32.dll
0x00007ffb84d20000 - 0x00007ffb84e2b000 	C:\WINDOWS\System32\gdi32full.dll
0x00007ffb85040000 - 0x00007ffb850dd000 	C:\WINDOWS\System32\msvcp_win.dll
0x00007ffb7b500000 - 0x00007ffb7b50a000 	C:\WINDOWS\SYSTEM32\VERSION.dll
0x00007ffb867d0000 - 0x00007ffb86800000 	C:\WINDOWS\System32\IMM32.DLL
0x00007ffb375f0000 - 0x00007ffb3768b000 	C:\Program Files\Java\jdk-13\bin\msvcp140.dll
0x00007ffaf0ef0000 - 0x00007ffaf1a56000 	C:\Program Files\Java\jdk-13\bin\server\jvm.dll
0x00007ffb85cd0000 - 0x00007ffb85cd8000 	C:\WINDOWS\System32\PSAPI.DLL
0x00007ffb71000000 - 0x00007ffb71027000 	C:\WINDOWS\SYSTEM32\WINMM.dll
0x00007ffb697c0000 - 0x00007ffb697c9000 	C:\WINDOWS\SYSTEM32\WSOCK32.dll
0x00007ffb86660000 - 0x00007ffb866cb000 	C:\WINDOWS\System32\WS2_32.dll
0x00007ffb83250000 - 0x00007ffb83262000 	C:\WINDOWS\SYSTEM32\kernel.appcore.dll
0x00007ffb7d1e0000 - 0x00007ffb7d1f0000 	C:\Program Files\Java\jdk-13\bin\verify.dll
0x00007ffb827a0000 - 0x00007ffb82984000 	C:\WINDOWS\SYSTEM32\DBGHELP.DLL
0x00007ffb77260000 - 0x00007ffb7728c000 	C:\WINDOWS\SYSTEM32\dbgcore.DLL
0x00007ffb84e90000 - 0x00007ffb84f10000 	C:\WINDOWS\System32\bcryptPrimitives.dll
0x00007ffb74bb0000 - 0x00007ffb74bd6000 	C:\Program Files\Java\jdk-13\bin\java.dll
0x00007ffb7c640000 - 0x00007ffb7c657000 	C:\Program Files\Java\jdk-13\bin\zip.dll
0x00007ffb76cb0000 - 0x00007ffb76cba000 	C:\Program Files\Java\jdk-13\bin\jimage.dll

dbghelp: loaded successfully - version: 4.0.5 - missing functions: none
symbol engine: initialized successfully - sym options: 0x614 - pdb path: .;C:\Program Files\Java\jdk-13\bin;C:\WINDOWS\SYSTEM32;C:\WINDOWS\WinSxS\amd64_microsoft.windows.common-controls_6595b64144ccf1df_6.0.19041.844_none_ca00b6081b84eb1d;C:\Program Files\Java\jdk-13\bin\server

VM Arguments:
jvm_args: -Dfile.encoding=Cp1256 
java_command: sdaPROJECTT.Main
java_class_path (initial): D:\sdaPROJECTT\bin
Launcher Type: SUN_STANDARD

[Global flags]
     intx CICompilerCount                          = 4                                         {product} {ergonomic}
     uint ConcGCThreads                            = 2                                         {product} {ergonomic}
     uint G1ConcRefinementThreads                  = 8                                         {product} {ergonomic}
   size_t G1HeapRegionSize                         = 1048576                                   {product} {ergonomic}
    uintx GCDrainStackTargetSize                   = 64                                        {product} {ergonomic}
   size_t InitialHeapSize                          = 134217728                                 {product} {ergonomic}
   size_t MarkStackSize                            = 4194304                                   {product} {ergonomic}
   size_t MaxHeapSize                              = 2118123520                                {product} {ergonomic}
   size_t MinHeapDeltaBytes                        = 1048576                                   {product} {ergonomic}
   size_t MinHeapSize                              = 8388608                                   {product} {ergonomic}
    uintx NonNMethodCodeHeapSize                   = 5836300                                {pd product} {ergonomic}
    uintx NonProfiledCodeHeapSize                  = 122910970                              {pd product} {ergonomic}
    uintx ProfiledCodeHeapSize                     = 122910970                              {pd product} {ergonomic}
    uintx ReservedCodeCacheSize                    = 251658240                              {pd product} {ergonomic}
     bool SegmentedCodeCache                       = true                                      {product} {ergonomic}
   size_t SoftMaxHeapSize                          = 2118123520                             {manageable} {ergonomic}
     bool UseCompressedClassPointers               = true                                 {lp64_product} {ergonomic}
     bool UseCompressedOops                        = true                                 {lp64_product} {ergonomic}
     bool UseG1GC                                  = true                                      {product} {ergonomic}
     bool UseLargePagesIndividualAllocation        = false                                  {pd product} {ergonomic}

Logging:
Log output configuration:
 #0: stdout all=warning uptime,level,tags
 #1: stderr all=off uptime,level,tags

Environment Variables:
JAVA_HOME=C:\Program Files\Java\jdk1.8.0_111
PATH=C:/Program Files/Java/jdk-13/bin/server;C:/Program Files/Java/jdk-13/bin;C:\ProgramData\Oracle\Java\javapath;D:\app\abdul\product\11.2.0\dbhome_13\bin;D:\app\abdul\product\11.2.0\dbhome_12\bin;D:\app\abdul\product\11.2.0\dbhome_11\bin;D:\app\abdul\product\11.2.0\dbhome_10\bin;D:\app\abdul\product\11.2.0\dbhome_7\bin;D:\app\abdul\product\11.2.0\dbhome_6\bin;D:\app\abdul\product\11.2.0\dbhome_5\bin;D:\app\abdul\product\11.2.0\dbhome_4\bin;D:\app\abdul\product\11.2.0\dbhome_3\bin;D:\app\abdul\product\11.2.0\dbhome_1\bin;C:\Program Files (x86)\Common Files\Oracle\Java\javapath;C:\windows\system32;C:\windows;C:\windows\System32\Wbem;C:\windows\System32\WindowsPowerShell\v1.0\;C:\windows\System32\OpenSSH\;C:\Program Files (x86)\NVIDIA Corporation\PhysX\Common;C:\Program Files\NVIDIA Corporation\NVIDIA NvDLISR;C:\Program Files\Java\jdk-13\bin;C:\Program Files\Microsoft SQL Server\Client SDK\ODBC\130\Tools\Binn\;C:\Program Files (x86)\Microsoft SQL Server\140\Tools\Binn\;C:\Program Files\Microsoft SQL Server\140\Tools\Binn\;C:\Program Files\Microsoft SQL Server\140\DTS\Binn\;C:\Program Files\Java\jdk1.8.0_111\bin;C:\WINDOWS\system32;C:\WINDOWS;C:\WINDOWS\System32\Wbem;C:\WINDOWS\System32\WindowsPowerShell\v1.0\;C:\WINDOWS\System32\OpenSSH\;C:\Program Files\Git\cmd;C:\Users\abdul\AppData\Local\Microsoft\WindowsApps;C:\Program Files\Sublime Text 3;;C:\WINDOWS\System32;
USERNAME=abdul
OS=Windows_NT
PROCESSOR_IDENTIFIER=Intel64 Family 6 Model 142 Stepping 11, GenuineIntel



---------------  S Y S T E M  ---------------

OS: Windows 10 , 64 bit Build 19041 (10.0.19041.928)

CPU:total 8 (initial active 8) (4 cores per cpu, 2 threads per core) family 6 model 142 stepping 11, cmov, cx8, fxsr, mmx, sse, sse2, sse3, ssse3, sse4.1, sse4.2, popcnt, avx, avx2, aes, clmul, erms, 3dnowpref, lzcnt, ht, tsc, tscinvbit, bmi1, bmi2, adx, fma

Memory: 4k page, system-wide physical 8079M (1377M free)
TotalPageFile size 18864M (AvailPageFile size 90M)
current process WorkingSet (physical memory assigned to process): 10M, peak: 10M
current process commit charge ("private bytes"): 60M, peak: 188M

vm_info: Java HotSpot(TM) 64-Bit Server VM (13+33) for windows-amd64 JRE (13+33), built on Sep 18 2019 21:38:00 by "mach5one" with unknown MS VC++:1916

END.
